14-May-2025 18:16:26.238 INFO [main] org.apache.catalina.core.ApplicationContext.log ContextListener: contextInitialized()
14-May-2025 18:16:26.238 INFO [main] org.apache.catalina.core.ApplicationContext.log SessionListener: contextInitialized()
14-May-2025 18:16:26.240 INFO [main] org.apache.catalina.core.ApplicationContext.log ContextListener: attributeAdded('StockTicker', 'async.Stockticker@31198ceb')
14-May-2025 18:18:17.831 INFO [main] org.apache.catalina.core.ApplicationContext.log SessionListener: contextDestroyed()
14-May-2025 18:18:17.831 INFO [main] org.apache.catalina.core.ApplicationContext.log ContextListener: contextDestroyed()
14-May-2025 18:19:14.675 INFO [main] org.apache.catalina.core.ApplicationContext.log ContextListener: contextInitialized()
14-May-2025 18:19:14.675 INFO [main] org.apache.catalina.core.ApplicationContext.log SessionListener: contextInitialized()
14-May-2025 18:19:14.678 INFO [main] org.apache.catalina.core.ApplicationContext.log ContextListener: attributeAdded('StockTicker', 'async.Stockticker@4cdd2c73')
14-May-2025 18:20:35.178 INFO [main] org.apache.catalina.core.ApplicationContext.log SessionListener: contextDestroyed()
14-May-2025 18:20:35.178 INFO [main] org.apache.catalina.core.ApplicationContext.log ContextListener: contextDestroyed()
14-May-2025 18:20:38.790 INFO [main] org.apache.catalina.core.ApplicationContext.log ContextListener: contextInitialized()
14-May-2025 18:20:38.790 INFO [main] org.apache.catalina.core.ApplicationContext.log SessionListener: contextInitialized()
14-May-2025 18:20:38.794 INFO [main] org.apache.catalina.core.ApplicationContext.log ContextListener: attributeAdded('StockTicker', 'async.Stockticker@660591fb')
14-May-2025 18:27:44.453 INFO [main] org.apache.catalina.core.ApplicationContext.log ContextListener: contextInitialized()
14-May-2025 18:27:44.453 INFO [main] org.apache.catalina.core.ApplicationContext.log SessionListener: contextInitialized()
14-May-2025 18:27:44.456 INFO [main] org.apache.catalina.core.ApplicationContext.log ContextListener: attributeAdded('StockTicker', 'async.Stockticker@1a5f7e7c')
14-May-2025 18:27:45.341 INFO [main] org.apache.catalina.core.ApplicationContext.log SessionListener: contextDestroyed()
14-May-2025 18:27:45.341 INFO [main] org.apache.catalina.core.ApplicationContext.log ContextListener: contextDestroyed()
14-May-2025 18:27:53.656 INFO [main] org.apache.catalina.core.ApplicationContext.log SessionListener: contextDestroyed()
14-May-2025 18:27:53.656 INFO [main] org.apache.catalina.core.ApplicationContext.log ContextListener: contextDestroyed()
14-May-2025 18:27:58.672 INFO [main] org.apache.catalina.core.ApplicationContext.log ContextListener: contextInitialized()
14-May-2025 18:27:58.673 INFO [main] org.apache.catalina.core.ApplicationContext.log SessionListener: contextInitialized()
14-May-2025 18:27:58.675 INFO [main] org.apache.catalina.core.ApplicationContext.log ContextListener: attributeAdded('StockTicker', 'async.Stockticker@4a55a6e8')
14-May-2025 18:32:20.629 INFO [main] org.apache.catalina.core.ApplicationContext.log SessionListener: contextDestroyed()
14-May-2025 18:32:20.629 INFO [main] org.apache.catalina.core.ApplicationContext.log ContextListener: contextDestroyed()
14-May-2025 18:33:52.336 INFO [main] org.apache.catalina.core.ApplicationContext.log ContextListener: contextInitialized()
14-May-2025 18:33:52.336 INFO [main] org.apache.catalina.core.ApplicationContext.log SessionListener: contextInitialized()
14-May-2025 18:33:52.339 INFO [main] org.apache.catalina.core.ApplicationContext.log ContextListener: attributeAdded('StockTicker', 'async.Stockticker@5ac7aa18')
14-May-2025 18:38:06.208 INFO [main] org.apache.catalina.core.ApplicationContext.log SessionListener: contextDestroyed()
14-May-2025 18:38:06.208 INFO [main] org.apache.catalina.core.ApplicationContext.log ContextListener: contextDestroyed()
14-May-2025 18:38:25.977 INFO [main] org.apache.catalina.core.ApplicationContext.log ContextListener: contextInitialized()
14-May-2025 18:38:25.978 INFO [main] org.apache.catalina.core.ApplicationContext.log SessionListener: contextInitialized()
14-May-2025 18:38:25.982 INFO [main] org.apache.catalina.core.ApplicationContext.log ContextListener: attributeAdded('StockTicker', 'async.Stockticker@5ac7aa18')
14-May-2025 18:46:23.855 INFO [main] org.apache.catalina.core.ApplicationContext.log ContextListener: contextInitialized()
14-May-2025 18:46:23.855 INFO [main] org.apache.catalina.core.ApplicationContext.log SessionListener: contextInitialized()
14-May-2025 18:46:23.858 INFO [main] org.apache.catalina.core.ApplicationContext.log ContextListener: attributeAdded('StockTicker', 'async.Stockticker@4c27d39d')
14-May-2025 18:46:24.129 INFO [main] org.apache.catalina.core.ApplicationContext.log SessionListener: contextDestroyed()
14-May-2025 18:46:24.130 INFO [main] org.apache.catalina.core.ApplicationContext.log ContextListener: contextDestroyed()
14-May-2025 18:46:28.881 INFO [main] org.apache.catalina.core.ApplicationContext.log SessionListener: contextDestroyed()
14-May-2025 18:46:28.881 INFO [main] org.apache.catalina.core.ApplicationContext.log ContextListener: contextDestroyed()
14-May-2025 18:52:10.686 INFO [main] org.apache.catalina.core.ApplicationContext.log ContextListener: contextInitialized()
14-May-2025 18:52:10.686 INFO [main] org.apache.catalina.core.ApplicationContext.log SessionListener: contextInitialized()
14-May-2025 18:52:10.689 INFO [main] org.apache.catalina.core.ApplicationContext.log ContextListener: attributeAdded('StockTicker', 'async.Stockticker@5ac7aa18')
14-May-2025 18:53:42.264 INFO [main] org.apache.catalina.core.ApplicationContext.log SessionListener: contextDestroyed()
14-May-2025 18:53:42.264 INFO [main] org.apache.catalina.core.ApplicationContext.log ContextListener: contextDestroyed()
14-May-2025 18:56:12.773 INFO [main] org.apache.catalina.core.ApplicationContext.log ContextListener: contextInitialized()
14-May-2025 18:56:12.773 INFO [main] org.apache.catalina.core.ApplicationContext.log SessionListener: contextInitialized()
14-May-2025 18:56:12.777 INFO [main] org.apache.catalina.core.ApplicationContext.log ContextListener: attributeAdded('StockTicker', 'async.Stockticker@4cdd2c73')
14-May-2025 19:01:26.148 INFO [main] org.apache.catalina.core.ApplicationContext.log SessionListener: contextDestroyed()
14-May-2025 19:01:26.148 INFO [main] org.apache.catalina.core.ApplicationContext.log ContextListener: contextDestroyed()
14-May-2025 19:01:33.638 INFO [main] org.apache.catalina.core.ApplicationContext.log ContextListener: contextInitialized()
14-May-2025 19:01:33.638 INFO [main] org.apache.catalina.core.ApplicationContext.log SessionListener: contextInitialized()
14-May-2025 19:01:33.642 INFO [main] org.apache.catalina.core.ApplicationContext.log ContextListener: attributeAdded('StockTicker', 'async.Stockticker@8c46918')
14-May-2025 20:27:38.803 INFO [main] org.apache.catalina.core.ApplicationContext.log SessionListener: contextDestroyed()
14-May-2025 20:27:38.803 INFO [main] org.apache.catalina.core.ApplicationContext.log ContextListener: contextDestroyed()
